<?xml version="1.0" encoding="UTF-8"?>
<testng-results ignored="0" total="1" passed="1" failed="0" skipped="0">
  <reporter-output>
  </reporter-output>
  <suite started-at="2019-04-19T06:06:25Z" name="MyFirstTestSuite" finished-at="2019-04-19T06:07:10Z" duration-ms="44957">
    <groups>
    </groups>
    <test started-at="2019-04-19T06:06:25Z" name="Test1" finished-at="2019-04-19T06:07:10Z" duration-ms="44957">
      <class name="trueDevStaging.LoginPageTest">
        <test-method is-config="true" signature="Setup()[pri:0, instance:trueDevStaging.LoginPageTest@399c4be1]" started-at="2019-04-19T06:06:25Z" name="Setup" finished-at="2019-04-19T06:07:04Z" duration-ms="38960" status="PASS">
          <reporter-output>
          </reporter-output>
        </test-method> <!-- Setup -->
        <test-method signature="LoginTest()[pri:0, instance:trueDevStaging.LoginPageTest@399c4be1]" started-at="2019-04-19T06:07:04Z" name="LoginTest" finished-at="2019-04-19T06:07:09Z" duration-ms="5231" status="PASS">
          <reporter-output>
          </reporter-output>
        </test-method> <!-- LoginTest -->
        <test-method is-config="true" signature="tearDown()[pri:0, instance:trueDevStaging.LoginPageTest@399c4be1]" started-at="2019-04-19T06:07:09Z" name="tearDown" finished-at="2019-04-19T06:07:10Z" duration-ms="734" status="PASS">
          <reporter-output>
          </reporter-output>
        </test-method> <!-- tearDown -->
      </class> <!-- trueDevStaging.LoginPageTest -->
    </test> <!-- Test1 -->
  </suite> <!-- MyFirstTestSuite -->
</testng-results>
